<?xml version="1.0" encoding="UTF-8"?>
<robot generator="Robot 4.0.1 (Python 3.9.4 on win32)" generated="20210510 13:10:08.291" rpa="false" schemaversion="2">
<suite id="s1" name="Fb" source="C:\Users\Бабенко\Robot.fb\fb.robot">
<test id="s1-t1" name="Valid Login">
<kw name="Open Browser To Login Page" library="keywords">
<kw name="Evaluate" library="BuiltIn">
<var>${options}</var>
<arg>sys.modules['selenium.webdriver.chrome.options'].Options()</arg>
<arg>sys</arg>
<doc>Evaluates the given expression in Python and returns the result.</doc>
<msg timestamp="20210510 13:10:08.472" level="INFO">${options} = &lt;selenium.webdriver.chrome.options.Options object at 0x000002129D1F7B20&gt;</msg>
<status status="PASS" starttime="20210510 13:10:08.471" endtime="20210510 13:10:08.472"/>
</kw>
<kw name="Call Method" library="BuiltIn">
<arg>${options}</arg>
<arg>add_argument</arg>
<arg>--disable-notifications</arg>
<doc>Calls the named method of the given object with the provided arguments.</doc>
<status status="PASS" starttime="20210510 13:10:08.472" endtime="20210510 13:10:08.472"/>
</kw>
<kw name="Create Webdriver" library="SeleniumLibrary">
<var>${driver}</var>
<arg>Chrome</arg>
<arg>options=${options}</arg>
<doc>Creates an instance of Selenium WebDriver.</doc>
<msg timestamp="20210510 13:10:08.472" level="INFO">Creating an instance of the Chrome WebDriver.</msg>
<msg timestamp="20210510 13:10:09.550" level="INFO">${driver} = 1</msg>
<status status="PASS" starttime="20210510 13:10:08.472" endtime="20210510 13:10:09.550"/>
</kw>
<kw name="Maximize Browser Window" library="SeleniumLibrary">
<doc>Maximizes current browser window.</doc>
<status status="PASS" starttime="20210510 13:10:09.550" endtime="20210510 13:10:09.682"/>
</kw>
<kw name="Go To" library="SeleniumLibrary">
<arg>${LOGIN URL}</arg>
<doc>Navigates the current browser window to the provided ``url``.</doc>
<msg timestamp="20210510 13:10:09.684" level="INFO">Opening url 'https://facebook.com'</msg>
<status status="PASS" starttime="20210510 13:10:09.683" endtime="20210510 13:10:12.623"/>
</kw>
<kw name="Sleep" library="BuiltIn">
<arg>3</arg>
<doc>Pauses the test executed for the given time.</doc>
<msg timestamp="20210510 13:10:15.639" level="INFO">Slept 3 seconds</msg>
<status status="PASS" starttime="20210510 13:10:12.624" endtime="20210510 13:10:15.639"/>
</kw>
<status status="PASS" starttime="20210510 13:10:08.471" endtime="20210510 13:10:15.640"/>
</kw>
<kw name="Wait Until Element Is Visible" library="SeleniumLibrary">
<arg>id = email</arg>
<doc>Waits until the element ``locator`` is visible.</doc>
<status status="PASS" starttime="20210510 13:10:15.642" endtime="20210510 13:10:15.694"/>
</kw>
<kw name="Input Username" library="keywords">
<arg>Jack-Jason@ex.ua</arg>
<kw name="Input Text" library="SeleniumLibrary">
<arg>id: email</arg>
<arg>${USER_NAME}</arg>
<doc>Types the given ``text`` into the text field identified by ``locator``.</doc>
<msg timestamp="20210510 13:10:15.696" level="INFO">Typing text 'Jack-Jason@ex.ua' into text field 'id: email'.</msg>
<status status="PASS" starttime="20210510 13:10:15.696" endtime="20210510 13:10:15.775"/>
</kw>
<status status="PASS" starttime="20210510 13:10:15.695" endtime="20210510 13:10:15.776"/>
</kw>
<kw name="Wait Until Element Is Visible" library="SeleniumLibrary">
<arg>id = pass</arg>
<doc>Waits until the element ``locator`` is visible.</doc>
<status status="PASS" starttime="20210510 13:10:15.776" endtime="20210510 13:10:15.798"/>
</kw>
<kw name="Input Password" library="keywords">
<arg>w9_N@aFCya7dx4j</arg>
<kw name="Input Text" library="SeleniumLibrary">
<arg>id: pass</arg>
<arg>${PASSWORD}</arg>
<doc>Types the given ``text`` into the text field identified by ``locator``.</doc>
<msg timestamp="20210510 13:10:15.799" level="INFO">Typing text 'w9_N@aFCya7dx4j' into text field 'id: pass'.</msg>
<status status="PASS" starttime="20210510 13:10:15.799" endtime="20210510 13:10:15.883"/>
</kw>
<status status="PASS" starttime="20210510 13:10:15.799" endtime="20210510 13:10:15.884"/>
</kw>
<kw name="Submit login" library="keywords">
<kw name="Click Element" library="SeleniumLibrary">
<arg>name: login</arg>
<doc>Click the element identified by ``locator``.</doc>
<msg timestamp="20210510 13:10:15.885" level="INFO">Clicking element 'name: login'.</msg>
<status status="PASS" starttime="20210510 13:10:15.884" endtime="20210510 13:10:15.947"/>
</kw>
<status status="PASS" starttime="20210510 13:10:15.884" endtime="20210510 13:10:15.947"/>
</kw>
<status status="PASS" starttime="20210510 13:10:08.471" endtime="20210510 13:10:15.948"/>
</test>
<test id="s1-t2" name="Search user-friend">
<kw name="Set Selenium Implicit Wait" library="SeleniumLibrary">
<arg>${orig wait}</arg>
<doc>Sets the implicit wait value used by Selenium.</doc>
<status status="PASS" starttime="20210510 13:10:15.951" endtime="20210510 13:10:15.953"/>
</kw>
<kw name="Wait Until Element Is Visible" library="SeleniumLibrary">
<arg>${FB-Search}</arg>
<arg>${orig timeout}</arg>
<doc>Waits until the element ``locator`` is visible.</doc>
<status status="PASS" starttime="20210510 13:10:15.953" endtime="20210510 13:10:21.237"/>
</kw>
<kw name="Press Keys" library="SeleniumLibrary">
<arg>${INPUT-FRIEND-NAME}</arg>
<arg>${FRIEND}</arg>
<doc>Simulates the user pressing key(s) to an element or on the active browser.</doc>
<msg timestamp="20210510 13:10:21.238" level="INFO">Sending key(s) ('Ivan Verhun',) to xpath: //input[@aria-label= 'Пошук у Facebook'] element.</msg>
<msg timestamp="20210510 13:10:21.548" level="INFO">Sending keys Ivan Verhun</msg>
<status status="PASS" starttime="20210510 13:10:21.237" endtime="20210510 13:10:21.733"/>
</kw>
<kw name="Click Element" library="SeleniumLibrary">
<arg>${SCH-BTN}</arg>
<doc>Click the element identified by ``locator``.</doc>
<msg timestamp="20210510 13:10:21.734" level="INFO">Clicking element 'xpath: // *[starts-with(@id, 'jsc_c')]/div/a'.</msg>
<status status="PASS" starttime="20210510 13:10:21.734" endtime="20210510 13:10:21.848"/>
</kw>
<status status="PASS" starttime="20210510 13:10:15.950" endtime="20210510 13:10:21.848"/>
</test>
<test id="s1-t3" name="Click on search result">
<kw name="Wait Until Element Is Enabled" library="SeleniumLibrary">
<arg>${Search-result}</arg>
<arg>${orig timeout}</arg>
<doc>Waits until the element ``locator`` is enabled.</doc>
<msg timestamp="20210510 13:10:22.776" level="INFO">Suppressing StaleElementReferenceException from Selenium.</msg>
<status status="PASS" starttime="20210510 13:10:21.850" endtime="20210510 13:10:23.058"/>
</kw>
<kw name="Scroll Element Into View" library="SeleniumLibrary">
<arg>${Search-result}</arg>
<doc>Scrolls the element identified by ``locator`` into view.</doc>
<status status="PASS" starttime="20210510 13:10:23.058" endtime="20210510 13:10:23.424"/>
</kw>
<kw name="Sleep" library="BuiltIn">
<arg>5</arg>
<doc>Pauses the test executed for the given time.</doc>
<msg timestamp="20210510 13:10:28.440" level="INFO">Slept 5 seconds</msg>
<status status="PASS" starttime="20210510 13:10:23.425" endtime="20210510 13:10:28.440"/>
</kw>
<kw name="Click Link" library="SeleniumLibrary">
<arg>${Search-result}</arg>
<doc>Clicks a link identified by ``locator``.</doc>
<msg timestamp="20210510 13:10:28.442" level="INFO">Clicking link 'xpath: //a[@aria-label= 'Ivan Verhun']'.</msg>
<status status="PASS" starttime="20210510 13:10:28.440" endtime="20210510 13:10:28.531"/>
</kw>
<kw name="Sleep" library="BuiltIn">
<arg>5</arg>
<doc>Pauses the test executed for the given time.</doc>
<msg timestamp="20210510 13:10:33.544" level="INFO">Slept 5 seconds</msg>
<status status="PASS" starttime="20210510 13:10:28.531" endtime="20210510 13:10:33.544"/>
</kw>
<status status="PASS" starttime="20210510 13:10:21.849" endtime="20210510 13:10:33.544"/>
</test>
<test id="s1-t4" name="Friend request and sending a message">
<kw name="Scroll Element Into View" library="SeleniumLibrary">
<arg>${Follow_Request_btn}</arg>
<doc>Scrolls the element identified by ``locator`` into view.</doc>
<status status="PASS" starttime="20210510 13:10:33.556" endtime="20210510 13:10:33.840"/>
</kw>
<kw name="Sleep" library="BuiltIn">
<arg>10</arg>
<doc>Pauses the test executed for the given time.</doc>
<msg timestamp="20210510 13:10:43.854" level="INFO">Slept 10 seconds</msg>
<status status="PASS" starttime="20210510 13:10:33.841" endtime="20210510 13:10:43.854"/>
</kw>
<kw name="Mouse Over" library="SeleniumLibrary">
<arg>${Follow_Request_btn}</arg>
<doc>Simulates hovering the mouse over the element ``locator``.</doc>
<msg timestamp="20210510 13:10:43.855" level="INFO">Simulating Mouse Over on element '//*[contains(@role, 'button')]'.</msg>
<status status="PASS" starttime="20210510 13:10:43.855" endtime="20210510 13:10:44.138"/>
</kw>
<kw name="Wait Until Element Is Enabled" library="SeleniumLibrary">
<arg>xpath: //*[starts-with(@id, 'mount_0_0')]/div/div[1]/div/div[3]/div/div/div[2]/div[1]/div/div/div[3]/div/div/div/div[2]/div/div/div/div[1]/div/div/div</arg>
<arg>timeout=10s</arg>
<doc>Waits until the element ``locator`` is enabled.</doc>
<status status="PASS" starttime="20210510 13:10:44.139" endtime="20210510 13:10:44.170"/>
</kw>
<kw name="Click Button" library="SeleniumLibrary">
<arg>xpath: //*[starts-with(@id, 'mount_0_0')]/div/div[1]/div/div[3]/div/div/div[2]/div[1]/div/div/div[3]/div/div/div/div[2]/div/div/div/div[1]/div/div/div</arg>
<doc>Clicks the button identified by ``locator``.</doc>
<msg timestamp="20210510 13:10:44.171" level="INFO">Clicking button 'xpath: //*[starts-with(@id, 'mount_0_0')]/div/div[1]/div/div[3]/div/div/div[2]/div[1]/div/div/div[3]/div/div/div/div[2]/div/div/div/div[1]/div/div/div'.</msg>
<kw name="Capture Page Screenshot" library="SeleniumLibrary">
<doc>Takes a screenshot of the current page and embeds it into a log file.</doc>
<msg timestamp="20210510 13:10:44.576" level="INFO" html="true">&lt;/td&gt;&lt;/tr&gt;&lt;tr&gt;&lt;td colspan="3"&gt;&lt;a href="selenium-screenshot-5.png"&gt;&lt;img src="selenium-screenshot-5.png" width="800px"&gt;&lt;/a&gt;</msg>
<status status="PASS" starttime="20210510 13:10:44.196" endtime="20210510 13:10:44.576"/>
</kw>
<msg timestamp="20210510 13:10:44.576" level="FAIL">Button with locator 'xpath: //*[starts-with(@id, 'mount_0_0')]/div/div[1]/div/div[3]/div/div/div[2]/div[1]/div/div/div[3]/div/div/div/div[2]/div/div/div/div[1]/div/div/div' not found.</msg>
<status status="FAIL" starttime="20210510 13:10:44.171" endtime="20210510 13:10:44.576"/>
</kw>
<kw name="Wait Until Element Is Enabled" library="SeleniumLibrary">
<arg>${Message-Btn}</arg>
<arg>${orig timeout}</arg>
<doc>Waits until the element ``locator`` is enabled.</doc>
<status status="NOT RUN" starttime="20210510 13:10:44.576" endtime="20210510 13:10:44.576"/>
</kw>
<kw name="Scroll Element Into View" library="SeleniumLibrary">
<arg>${Message-Btn}</arg>
<doc>Scrolls the element identified by ``locator`` into view.</doc>
<status status="NOT RUN" starttime="20210510 13:10:44.591" endtime="20210510 13:10:44.591"/>
</kw>
<kw name="Click Element" library="SeleniumLibrary">
<arg>${Message-Btn}</arg>
<doc>Click the element identified by ``locator``.</doc>
<status status="NOT RUN" starttime="20210510 13:10:44.591" endtime="20210510 13:10:44.591"/>
</kw>
<kw name="Wait Until Element Is Enabled" library="SeleniumLibrary">
<arg>${Text_input_field}</arg>
<arg>${orig timeout}</arg>
<doc>Waits until the element ``locator`` is enabled.</doc>
<status status="NOT RUN" starttime="20210510 13:10:44.591" endtime="20210510 13:10:44.592"/>
</kw>
<kw name="Scroll Element Into View" library="SeleniumLibrary">
<arg>${Text_input_field}</arg>
<doc>Scrolls the element identified by ``locator`` into view.</doc>
<status status="NOT RUN" starttime="20210510 13:10:44.592" endtime="20210510 13:10:44.592"/>
</kw>
<kw name="Wait Until Page Contains Element" library="SeleniumLibrary">
<arg>${Text_input_field}</arg>
<arg>${orig wait}</arg>
<doc>Waits until the element ``locator`` appears on the current page.</doc>
<status status="NOT RUN" starttime="20210510 13:10:44.593" endtime="20210510 13:10:44.593"/>
</kw>
<kw name="Scroll Element Into View" library="SeleniumLibrary">
<arg>${Text_input_field}</arg>
<doc>Scrolls the element identified by ``locator`` into view.</doc>
<status status="NOT RUN" starttime="20210510 13:10:44.593" endtime="20210510 13:10:44.593"/>
</kw>
<kw name="Press Keys" library="SeleniumLibrary">
<arg>${Text_input_field}</arg>
<arg>${Message}</arg>
<doc>Simulates the user pressing key(s) to an element or on the active browser.</doc>
<status status="NOT RUN" starttime="20210510 13:10:44.593" endtime="20210510 13:10:44.593"/>
</kw>
<kw name="Wait Until Element Is Enabled" library="SeleniumLibrary">
<arg>${Sent-message-btn}</arg>
<doc>Waits until the element ``locator`` is enabled.</doc>
<status status="NOT RUN" starttime="20210510 13:10:44.594" endtime="20210510 13:10:44.594"/>
</kw>
<kw name="Click Element" library="SeleniumLibrary">
<arg>${Sent-message-btn}</arg>
<doc>Click the element identified by ``locator``.</doc>
<status status="NOT RUN" starttime="20210510 13:10:44.594" endtime="20210510 13:10:44.594"/>
</kw>
<status status="FAIL" starttime="20210510 13:10:33.553" endtime="20210510 13:10:44.594">Button with locator 'xpath: //*[starts-with(@id, 'mount_0_0')]/div/div[1]/div/div[3]/div/div/div[2]/div[1]/div/div/div[3]/div/div/div/div[2]/div/div/div/div[1]/div/div/div' not found.</status>
</test>
<status status="FAIL" starttime="20210510 13:10:08.291" endtime="20210510 13:10:44.596"/>
</suite>
<statistics>
<total>
<stat pass="3" fail="1" skip="0">All Tests</stat>
</total>
<tag>
</tag>
<suite>
<stat pass="3" fail="1" skip="0" id="s1" name="Fb">Fb</stat>
</suite>
</statistics>
<errors>
</errors>
</robot>
