<?xml version="1.0" encoding="UTF-8"?>
<robot generator="Robot 4.0.1 (Python 3.9.4 on win32)" generated="20210510 11:01:04.425" rpa="false" schemaversion="2">
<suite id="s1" name="Gmail" source="C:\Users\Бабенко\Robot.fb\test-files\gmail.robot">
<test id="s1-t1" name="Check And Read The Email">
<kw name="Open Mailbox" library="ImapLibrary2">
<arg>host=imap.gmail.com</arg>
<arg>user=rob408844@gmail.com</arg>
<arg>password=robRobs123!</arg>
<doc>Open IMAP email client session to given ``host`` with given ``user`` and ``password``.</doc>
<status status="PASS" starttime="20210510 11:01:04.475" endtime="20210510 11:01:06.491"/>
</kw>
<kw name="Wait For Email" library="ImapLibrary2">
<var>${LATEST}</var>
<arg>sender=jack-jason@ex.ua</arg>
<arg>timeout=60</arg>
<doc>Wait for email message to arrived base on any given filter criteria.
Returns email index of the latest email message received.</doc>
<msg timestamp="20210510 11:01:07.409" level="INFO">${LATEST} = 10</msg>
<status status="PASS" starttime="20210510 11:01:06.491" endtime="20210510 11:01:07.409"/>
</kw>
<kw name="Get Email Body" library="ImapLibrary2">
<var>${HTML}</var>
<arg>${LATEST}</arg>
<doc>Returns the decoded email body on multipart email message,
otherwise returns the body text.</doc>
<msg timestamp="20210510 11:01:07.800" level="INFO">${HTML} = &lt;p&gt;&lt;br&gt;
&lt;/p&gt;
&lt;div class="gmail_quote active"&gt;
	&lt;table border="0" cellspacing="0" cellpadding="0" align="center" style="border-collapse:collapse;"&gt;
	&lt;tbody&gt;
	&lt;tr&gt;
		&lt;td style="font-family:Helveti...</msg>
<status status="PASS" starttime="20210510 11:01:07.409" endtime="20210510 11:01:07.800"/>
</kw>
<kw name="Remove String Using Regexp" library="String">
<var>${BODY}</var>
<arg>${HTML}</arg>
<arg>(&lt;.*?&gt;)</arg>
<doc>Removes ``patterns`` from the given ``string``.</doc>
<msg timestamp="20210510 11:01:07.801" level="INFO">${BODY} = 


	
	
	
		
			
			
			
				  Вітаємо, Jack!   Ви нещодавно зареєструвалися на Facebook. Щоб завершити реєстрацію, підтвердьте свій обліковий запис.  
				
			
			
				
				
				
				...</msg>
<status status="PASS" starttime="20210510 11:01:07.800" endtime="20210510 11:01:07.801"/>
</kw>
<kw name="Split String" library="String">
<var>${Parsed_Token}</var>
<arg>${BODY}</arg>
<doc>Splits the ``string`` using ``separator`` as a delimiter string.</doc>
<msg timestamp="20210510 11:01:07.802" level="INFO">${Parsed_Token} = ['Вітаємо,', 'Jack!', 'Ви', 'нещодавно', 'зареєструвалися', 'на', 'Facebook.', 'Щоб', 'завершити', 'реєстрацію,', 'підтвердьте', 'свій', 'обліковий', 'запис.', 'Необхідно', 'підтвердити', 'ваш', 'облі...</msg>
<status status="PASS" starttime="20210510 11:01:07.801" endtime="20210510 11:01:07.802"/>
</kw>
<status status="PASS" starttime="20210510 11:01:04.474" endtime="20210510 11:01:07.803"/>
</test>
<test id="s1-t2" name="Wait For Confirmation Code">
<kw name="Extract Email Content">
<var>${code}</var>
<arg>${email.body}</arg>
<msg timestamp="20210510 11:01:07.808" level="FAIL">No keyword with name 'Extract Email Content' found.</msg>
<status status="FAIL" starttime="20210510 11:01:07.807" endtime="20210510 11:01:07.808"/>
</kw>
<status status="FAIL" starttime="20210510 11:01:07.804" endtime="20210510 11:01:07.808">No keyword with name 'Extract Email Content' found.</status>
</test>
<status status="FAIL" starttime="20210510 11:01:04.428" endtime="20210510 11:01:07.810"/>
</suite>
<statistics>
<total>
<stat pass="1" fail="1" skip="0">All Tests</stat>
</total>
<tag>
</tag>
<suite>
<stat pass="1" fail="1" skip="0" id="s1" name="Gmail">Gmail</stat>
</suite>
</statistics>
<errors>
<msg timestamp="20210510 11:01:04.420" level="ERROR">Error in file 'C:\Users\Бабенко\Robot.fb\test-files\gmail.robot' on line 25: Non-existing setting 'Arguments'.</msg>
<msg timestamp="20210510 11:01:04.421" level="ERROR">Error in file 'C:\Users\Бабенко\Robot.fb\test-files\gmail.robot' on line 27: Non-existing setting 'Return'.</msg>
</errors>
</robot>
